<?xml version="1.0" encoding="UTF-8"?>
<!-- Generated by org.testng.reporters.JUnitReportReporter -->
<testsuite hostname="DESKTOP-AMA4B8C" failures="0" tests="1" name="rahulshettyacademy.tests.ErrorValidations" time="13.596" errors="0" timestamp="2025-02-21T13:34:00 IST" skipped="0">
  <testcase classname="rahulshettyacademy.tests.ErrorValidations" name="submitOrder" time="13.596"/>
</testsuite> <!-- rahulshettyacademy.tests.ErrorValidations -->
