<?xml version="1.0" encoding="UTF-8"?>
<!-- Generated by org.testng.reporters.JUnitReportReporter -->
<testsuite hostname="DESKTOP-AMA4B8C" failures="0" tests="1" name="cucumber.TestngTestRunner" time="9.941" errors="0" timestamp="2025-02-25T17:24:43 IST" skipped="0">
  <testcase classname="cucumber.TestngTestRunner" name="runScenario" time="9.941"/>
</testsuite> <!-- cucumber.TestngTestRunner -->
