<?xml version="1.0" encoding="UTF-8"?>
<!-- Generated by org.testng.reporters.JUnitReportReporter -->
<testsuite hostname="DESKTOP-AMA4B8C" failures="0" tests="3" name="rahulshettyacademy.tests.SubmitOrderTest" time="43.547" errors="0" timestamp="2025-02-25T17:41:20 IST" skipped="0">
  <testcase classname="rahulshettyacademy.tests.SubmitOrderTest" name="submitOrder" time="19.851"/>
  <testcase classname="rahulshettyacademy.tests.SubmitOrderTest" name="submitOrder" time="19.105"/>
  <testcase classname="rahulshettyacademy.tests.SubmitOrderTest" name="OrderHistoryTest" time="4.591"/>
</testsuite> <!-- rahulshettyacademy.tests.SubmitOrderTest -->
