<?xml version="1.0" encoding="UTF-8"?>
<!-- Generated by org.testng.reporters.JUnitReportReporter -->
<testsuite hostname="DESKTOP-AMA4B8C" failures="0" tests="2" name="rahulshettyacademy.tests.ErrorValidationsTest" time="24.258" errors="0" timestamp="2025-02-25T17:41:20 IST" skipped="0">
  <testcase classname="rahulshettyacademy.tests.ErrorValidationsTest" name="loginErrorValidation" time="4.807"/>
  <testcase classname="rahulshettyacademy.tests.ErrorValidationsTest" name="productErrorValidation" time="19.451"/>
</testsuite> <!-- rahulshettyacademy.tests.ErrorValidationsTest -->
